v ATLAS
# This file was created by ATLAS version 5.28.1.R on Fri Dec 08 01:27:28 2023.
#SSF 2.0 generic
##############################################################################
#                    Copyright (c) 1984 - 2019                               #
#                    Silvaco Inc. All rights reserved                        #
#                                                                            #
# This file format and the following Key are copyright Silvaco Inc.          #
# You may not use, this format or key without reproducing this message in    #
# full and obtaining express written permission from Silvaco Inc.            #
#                                                                            #
# To obtain such permission please contact: Silvaco Inc.                     #
#                                           support@silvaco.com              #
#                                                                            #
# KEY=SVC86hn7562asdx                       PROD=345                         #
##############################################################################
y 3 700 711 15
z 0.01 0.0012 300
f 4 "gate" "gate1" "source" "drain" 
p 12 2 601 20 3 602 21 4 603 22 5 604 23 
d 5.000000000e-001 5.000000000e-001 0.000000000e+000 5.000000000e-001 5.000000000e-001 0.000000000e+000 0.000000000e+000 0.000000000e+000 -1.307027031e-011 0.000000000e+000 0.000000000e+000 1.307027949e-011 
d 5.000000000e-001 5.000000000e-001 0.000000000e+000 5.000000000e-001 5.000000000e-001 0.000000000e+000 0.000000000e+000 0.000000000e+000 -2.590019471e-010 2.000000000e-002 2.000000000e-002 2.590019259e-010 
d 5.000000000e-001 5.000000000e-001 0.000000000e+000 5.000000000e-001 5.000000000e-001 0.000000000e+000 0.000000000e+000 0.000000000e+000 -7.502624941e-009 4.000000000e-002 4.000000000e-002 7.502624938e-009 
d 5.000000000e-001 5.000000000e-001 0.000000000e+000 5.000000000e-001 5.000000000e-001 0.000000000e+000 0.000000000e+000 0.000000000e+000 -4.063246539e-008 6.000000000e-002 6.000000000e-002 4.063246538e-008 
d 5.000000000e-001 5.000000000e-001 0.000000000e+000 5.000000000e-001 5.000000000e-001 0.000000000e+000 0.000000000e+000 0.000000000e+000 -1.226083095e-007 8.000000000e-002 8.000000000e-002 1.226083095e-007 
d 5.000000000e-001 5.000000000e-001 0.000000000e+000 5.000000000e-001 5.000000000e-001 0.000000000e+000 0.000000000e+000 0.000000000e+000 -2.688647693e-007 1.000000000e-001 1.000000000e-001 2.688647693e-007 
d 5.000000000e-001 5.000000000e-001 0.000000000e+000 5.000000000e-001 5.000000000e-001 0.000000000e+000 0.000000000e+000 0.000000000e+000 -4.773860898e-007 1.200000000e-001 1.200000000e-001 4.773860899e-007 
d 5.000000000e-001 5.000000000e-001 0.000000000e+000 5.000000000e-001 5.000000000e-001 0.000000000e+000 0.000000000e+000 0.000000000e+000 -7.244520114e-007 1.400000000e-001 1.400000000e-001 7.244520114e-007 
d 5.000000000e-001 5.000000000e-001 0.000000000e+000 5.000000000e-001 5.000000000e-001 0.000000000e+000 0.000000000e+000 0.000000000e+000 -9.901315687e-007 1.600000000e-001 1.600000000e-001 9.901315687e-007 
d 5.000000000e-001 5.000000000e-001 0.000000000e+000 5.000000000e-001 5.000000000e-001 0.000000000e+000 0.000000000e+000 0.000000000e+000 -1.257239562e-006 1.800000000e-001 1.800000000e-001 1.257239562e-006 
d 5.000000000e-001 5.000000000e-001 0.000000000e+000 5.000000000e-001 5.000000000e-001 0.000000000e+000 0.000000000e+000 0.000000000e+000 -1.499538366e-006 2.000000000e-001 2.000000000e-001 1.499538366e-006 
d 5.000000000e-001 5.000000000e-001 0.000000000e+000 5.000000000e-001 5.000000000e-001 0.000000000e+000 0.000000000e+000 0.000000000e+000 -1.709938896e-006 2.200000000e-001 2.200000000e-001 1.709938896e-006 
d 5.000000000e-001 5.000000000e-001 0.000000000e+000 5.000000000e-001 5.000000000e-001 0.000000000e+000 0.000000000e+000 0.000000000e+000 -1.901434088e-006 2.400000000e-001 2.400000000e-001 1.901434088e-006 
d 5.000000000e-001 5.000000000e-001 0.000000000e+000 5.000000000e-001 5.000000000e-001 0.000000000e+000 0.000000000e+000 0.000000000e+000 -2.057359394e-006 2.600000000e-001 2.600000000e-001 2.057359394e-006 
d 5.000000000e-001 5.000000000e-001 0.000000000e+000 5.000000000e-001 5.000000000e-001 0.000000000e+000 0.000000000e+000 0.000000000e+000 -2.205299384e-006 2.800000000e-001 2.800000000e-001 2.205299384e-006 
d 5.000000000e-001 5.000000000e-001 0.000000000e+000 5.000000000e-001 5.000000000e-001 0.000000000e+000 0.000000000e+000 0.000000000e+000 -2.343655093e-006 3.000000000e-001 3.000000000e-001 2.343655093e-006 
d 5.000000000e-001 5.000000000e-001 0.000000000e+000 5.000000000e-001 5.000000000e-001 0.000000000e+000 0.000000000e+000 0.000000000e+000 -2.451893211e-006 3.200000000e-001 3.200000000e-001 2.451893211e-006 
d 5.000000000e-001 5.000000000e-001 0.000000000e+000 5.000000000e-001 5.000000000e-001 0.000000000e+000 0.000000000e+000 0.000000000e+000 -2.562881869e-006 3.400000000e-001 3.400000000e-001 2.562881869e-006 
d 5.000000000e-001 5.000000000e-001 0.000000000e+000 5.000000000e-001 5.000000000e-001 0.000000000e+000 0.000000000e+000 0.000000000e+000 -2.666245572e-006 3.600000000e-001 3.600000000e-001 2.666245572e-006 
d 5.000000000e-001 5.000000000e-001 0.000000000e+000 5.000000000e-001 5.000000000e-001 0.000000000e+000 0.000000000e+000 0.000000000e+000 -2.743027583e-006 3.800000000e-001 3.800000000e-001 2.743027583e-006 
d 5.000000000e-001 5.000000000e-001 0.000000000e+000 5.000000000e-001 5.000000000e-001 0.000000000e+000 0.000000000e+000 0.000000000e+000 -2.827847798e-006 4.000000000e-001 4.000000000e-001 2.827847798e-006 
d 5.000000000e-001 5.000000000e-001 0.000000000e+000 5.000000000e-001 5.000000000e-001 0.000000000e+000 0.000000000e+000 0.000000000e+000 -2.903272761e-006 4.200000000e-001 4.200000000e-001 2.903272761e-006 
d 5.000000000e-001 5.000000000e-001 0.000000000e+000 5.000000000e-001 5.000000000e-001 0.000000000e+000 0.000000000e+000 0.000000000e+000 -2.958138054e-006 4.400000000e-001 4.400000000e-001 2.958138054e-006 
d 5.000000000e-001 5.000000000e-001 0.000000000e+000 5.000000000e-001 5.000000000e-001 0.000000000e+000 0.000000000e+000 0.000000000e+000 -3.017486423e-006 4.600000000e-001 4.600000000e-001 3.017486423e-006 
d 5.000000000e-001 5.000000000e-001 0.000000000e+000 5.000000000e-001 5.000000000e-001 0.000000000e+000 0.000000000e+000 0.000000000e+000 -3.077697779e-006 4.800000000e-001 4.800000000e-001 3.077697779e-006 
d 5.000000000e-001 5.000000000e-001 0.000000000e+000 5.000000000e-001 5.000000000e-001 0.000000000e+000 0.000000000e+000 0.000000000e+000 -3.110505267e-006 5.000000000e-001 5.000000000e-001 3.110505267e-006 
