v ATLAS
# This file was created by ATLAS version 5.28.1.R on Fri Dec 08 01:27:21 2023.
#SSF 2.0 generic
##############################################################################
#                    Copyright (c) 1984 - 2019                               #
#                    Silvaco Inc. All rights reserved                        #
#                                                                            #
# This file format and the following Key are copyright Silvaco Inc.          #
# You may not use, this format or key without reproducing this message in    #
# full and obtaining express written permission from Silvaco Inc.            #
#                                                                            #
# To obtain such permission please contact: Silvaco Inc.                     #
#                                           support@silvaco.com              #
#                                                                            #
# KEY=SVC86hn7562asdx                       PROD=345                         #
##############################################################################
y 3 700 711 15
z 0.01 0.0012 300
f 4 "gate" "gate1" "source" "drain" 
p 12 2 601 20 3 602 21 4 603 22 5 604 23 
d -2.000000000e-001 -2.000000000e-001 0.000000000e+000 -2.000000000e-001 -2.000000000e-001 0.000000000e+000 0.000000000e+000 0.000000000e+000 2.591127696e-018 5.000000000e-001 5.000000000e-001 2.300712012e-018 
d -1.800000000e-001 -1.800000000e-001 0.000000000e+000 -1.800000000e-001 -1.800000000e-001 0.000000000e+000 0.000000000e+000 0.000000000e+000 -1.744709802e-017 5.000000000e-001 5.000000000e-001 -1.286840339e-018 
d -1.600000000e-001 -1.600000000e-001 0.000000000e+000 -1.600000000e-001 -1.600000000e-001 0.000000000e+000 0.000000000e+000 0.000000000e+000 -2.166781088e-018 5.000000000e-001 5.000000000e-001 -2.569127448e-018 
d -1.400000000e-001 -1.400000000e-001 0.000000000e+000 -1.400000000e-001 -1.400000000e-001 0.000000000e+000 0.000000000e+000 0.000000000e+000 3.352534245e-018 5.000000000e-001 5.000000000e-001 6.164655911e-018 
d -1.200000000e-001 -1.200000000e-001 0.000000000e+000 -1.200000000e-001 -1.200000000e-001 0.000000000e+000 0.000000000e+000 0.000000000e+000 5.403991115e-018 5.000000000e-001 5.000000000e-001 6.935324646e-018 
d -1.000000000e-001 -1.000000000e-001 0.000000000e+000 -1.000000000e-001 -1.000000000e-001 0.000000000e+000 0.000000000e+000 0.000000000e+000 4.758172104e-018 5.000000000e-001 5.000000000e-001 1.798068579e-018 
d -8.000000000e-002 -8.000000000e-002 0.000000000e+000 -8.000000000e-002 -8.000000000e-002 0.000000000e+000 0.000000000e+000 0.000000000e+000 2.057231828e-018 5.000000000e-001 5.000000000e-001 1.464124130e-017 
d -6.000000000e-002 -6.000000000e-002 0.000000000e+000 -6.000000000e-002 -6.000000000e-002 0.000000000e+000 0.000000000e+000 0.000000000e+000 -5.909621307e-018 5.000000000e-001 5.000000000e-001 5.394158196e-018 
d -4.000000000e-002 -4.000000000e-002 0.000000000e+000 -4.000000000e-002 -4.000000000e-002 0.000000000e+000 0.000000000e+000 0.000000000e+000 -2.629179930e-019 5.000000000e-001 5.000000000e-001 1.284343365e-018 
d -2.000000000e-002 -2.000000000e-002 0.000000000e+000 -2.000000000e-002 -2.000000000e-002 0.000000000e+000 0.000000000e+000 0.000000000e+000 -1.156939080e-017 5.000000000e-001 5.000000000e-001 8.990245956e-018 
d 5.166276995e-017 5.166276995e-017 0.000000000e+000 5.166276995e-017 5.166276995e-017 0.000000000e+000 0.000000000e+000 0.000000000e+000 -1.619758456e-017 5.000000000e-001 5.000000000e-001 -1.027427611e-018 
d 2.000000000e-002 2.000000000e-002 0.000000000e+000 2.000000000e-002 2.000000000e-002 0.000000000e+000 0.000000000e+000 0.000000000e+000 -9.010207912e-018 5.000000000e-001 5.000000000e-001 7.705928669e-018 
d 4.000000000e-002 4.000000000e-002 0.000000000e+000 4.000000000e-002 4.000000000e-002 0.000000000e+000 0.000000000e+000 0.000000000e+000 -9.914154056e-018 5.000000000e-001 5.000000000e-001 7.706161731e-019 
d 6.000000000e-002 6.000000000e-002 0.000000000e+000 6.000000000e-002 6.000000000e-002 0.000000000e+000 0.000000000e+000 0.000000000e+000 -8.763298769e-018 5.000000000e-001 5.000000000e-001 6.421611383e-018 
d 8.000000000e-002 8.000000000e-002 0.000000000e+000 8.000000000e-002 8.000000000e-002 0.000000000e+000 0.000000000e+000 0.000000000e+000 -2.893219347e-017 5.000000000e-001 5.000000000e-001 8.219655256e-018 
d 1.000000000e-001 1.000000000e-001 0.000000000e+000 1.000000000e-001 1.000000000e-001 0.000000000e+000 0.000000000e+000 0.000000000e+000 -4.792174277e-018 5.000000000e-001 5.000000000e-001 3.596113564e-018 
d 1.200000000e-001 1.200000000e-001 0.000000000e+000 1.200000000e-001 1.200000000e-001 0.000000000e+000 0.000000000e+000 0.000000000e+000 7.255526947e-019 5.000000000e-001 5.000000000e-001 7.706158317e-019 
d 1.400000000e-001 1.400000000e-001 0.000000000e+000 1.400000000e-001 1.400000000e-001 0.000000000e+000 0.000000000e+000 0.000000000e+000 -1.751444246e-017 5.000000000e-001 5.000000000e-001 1.464124057e-017 
d 1.600000000e-001 1.600000000e-001 0.000000000e+000 1.600000000e-001 1.600000000e-001 0.000000000e+000 0.000000000e+000 0.000000000e+000 -2.739512861e-017 5.000000000e-001 5.000000000e-001 2.594323108e-017 
d 1.800000000e-001 1.800000000e-001 0.000000000e+000 1.800000000e-001 1.800000000e-001 0.000000000e+000 0.000000000e+000 0.000000000e+000 -1.697657863e-016 5.000000000e-001 5.000000000e-001 1.572004399e-016 
d 2.000000000e-001 2.000000000e-001 0.000000000e+000 2.000000000e-001 2.000000000e-001 0.000000000e+000 0.000000000e+000 0.000000000e+000 -1.090734167e-015 5.000000000e-001 5.000000000e-001 1.095522523e-015 
d 2.200000000e-001 2.200000000e-001 0.000000000e+000 2.200000000e-001 2.200000000e-001 0.000000000e+000 0.000000000e+000 0.000000000e+000 -8.804434535e-015 5.000000000e-001 5.000000000e-001 8.815038961e-015 
d 2.400000000e-001 2.400000000e-001 0.000000000e+000 2.400000000e-001 2.400000000e-001 0.000000000e+000 0.000000000e+000 0.000000000e+000 -7.238541549e-014 5.000000000e-001 5.000000000e-001 7.241313807e-014 
d 2.600000000e-001 2.600000000e-001 0.000000000e+000 2.600000000e-001 2.600000000e-001 0.000000000e+000 0.000000000e+000 0.000000000e+000 -6.818474473e-013 5.000000000e-001 5.000000000e-001 6.818357356e-013 
d 2.800000000e-001 2.800000000e-001 0.000000000e+000 2.800000000e-001 2.800000000e-001 0.000000000e+000 0.000000000e+000 0.000000000e+000 -6.911877564e-012 5.000000000e-001 5.000000000e-001 6.911864889e-012 
d 3.000000000e-001 3.000000000e-001 0.000000000e+000 3.000000000e-001 3.000000000e-001 0.000000000e+000 0.000000000e+000 0.000000000e+000 -7.903306694e-011 5.000000000e-001 5.000000000e-001 7.903304529e-011 
d 3.200000000e-001 3.200000000e-001 0.000000000e+000 3.200000000e-001 3.200000000e-001 0.000000000e+000 0.000000000e+000 0.000000000e+000 -8.984691583e-010 5.000000000e-001 5.000000000e-001 8.984691557e-010 
d 3.400000000e-001 3.400000000e-001 0.000000000e+000 3.400000000e-001 3.400000000e-001 0.000000000e+000 0.000000000e+000 0.000000000e+000 -5.105471338e-009 5.000000000e-001 5.000000000e-001 5.105471325e-009 
d 3.600000000e-001 3.600000000e-001 0.000000000e+000 3.600000000e-001 3.600000000e-001 0.000000000e+000 0.000000000e+000 0.000000000e+000 -1.859227888e-008 5.000000000e-001 5.000000000e-001 1.859227888e-008 
d 3.800000000e-001 3.800000000e-001 0.000000000e+000 3.800000000e-001 3.800000000e-001 0.000000000e+000 0.000000000e+000 0.000000000e+000 -5.276132176e-008 5.000000000e-001 5.000000000e-001 5.276132176e-008 
d 4.000000000e-001 4.000000000e-001 0.000000000e+000 4.000000000e-001 4.000000000e-001 0.000000000e+000 0.000000000e+000 0.000000000e+000 -1.282357007e-007 5.000000000e-001 5.000000000e-001 1.282357007e-007 
d 4.200000000e-001 4.200000000e-001 0.000000000e+000 4.200000000e-001 4.200000000e-001 0.000000000e+000 0.000000000e+000 0.000000000e+000 -2.793929969e-007 5.000000000e-001 5.000000000e-001 2.793929969e-007 
d 4.400000000e-001 4.400000000e-001 0.000000000e+000 4.400000000e-001 4.400000000e-001 0.000000000e+000 0.000000000e+000 0.000000000e+000 -5.623117939e-007 5.000000000e-001 5.000000000e-001 5.623117939e-007 
d 4.600000000e-001 4.600000000e-001 0.000000000e+000 4.600000000e-001 4.600000000e-001 0.000000000e+000 0.000000000e+000 0.000000000e+000 -1.066187829e-006 5.000000000e-001 5.000000000e-001 1.066187829e-006 
d 4.800000000e-001 4.800000000e-001 0.000000000e+000 4.800000000e-001 4.800000000e-001 0.000000000e+000 0.000000000e+000 0.000000000e+000 -1.877999676e-006 5.000000000e-001 5.000000000e-001 1.877999676e-006 
d 5.000000000e-001 5.000000000e-001 0.000000000e+000 5.000000000e-001 5.000000000e-001 0.000000000e+000 0.000000000e+000 0.000000000e+000 -3.110505243e-006 5.000000000e-001 5.000000000e-001 3.110505243e-006 
